<?xml version="1.0" encoding="utf-8"?><testsuites name="pytest tests"><testsuite name="pytest" errors="0" failures="0" skipped="0" tests="16" time="40.153" timestamp="2026-06-20T07:39:52.554357+00:00" hostname="agent-env-ac1cfdb8-4a49-48fe-b037-c5345e311d1a"><testcase classname="backend.tests.test_new_features.TestSchedulerStatus" name="test_scheduler_status_shape" time="0.230" /><testcase classname="backend.tests.test_new_features.TestWebsiteAutoGenerate" name="test_create_with_auto_generate" time="0.043" /><testcase classname="backend.tests.test_new_features.TestWebsiteAutoGenerate" name="test_get_includes_auto_generate" time="0.046" /><testcase classname="backend.tests.test_new_features.TestWebsiteAutoGenerate" name="test_scheduler_count_increments" time="0.046" /><testcase classname="backend.tests.test_new_features.TestWebsiteAutoGenerate" name="test_patch_toggle_off" time="0.048" /><testcase classname="backend.tests.test_new_features.TestWebsiteAutoGenerate" name="test_patch_toggle_on_again" time="0.051" /><testcase classname="backend.tests.test_new_features.TestWebsiteAutoGenerate" name="test_cleanup" time="0.041" /><testcase classname="backend.tests.test_new_features.TestVariantAndPublish" name="test_create_parent_ad" time="20.891" /><testcase classname="backend.tests.test_new_features.TestVariantAndPublish" name="test_variant_generation" time="18.021" /><testcase classname="backend.tests.test_new_features.TestVariantAndPublish" name="test_variant_image_served" time="0.107" /><testcase classname="backend.tests.test_new_features.TestVariantAndPublish" name="test_publish_without_token_returns_400" time="0.083" /><testcase classname="backend.tests.test_new_features.TestVariantAndPublish" name="test_publish_with_fake_token_returns_502_not_500" time="0.266" /><testcase classname="backend.tests.test_new_features.TestVariantAndPublish" name="test_ad_published_to_still_empty" time="0.041" /><testcase classname="backend.tests.test_new_features.TestVariantAndPublish" name="test_cleanup_parent" time="0.041" /><testcase classname="backend.tests.test_new_features.TestVariantAndPublish" name="test_cleanup_variant" time="0.082" /><testcase classname="backend.tests.test_new_features.TestVariantAndPublish" name="test_cleanup_meta_settings" time="0.041" /></testsuite></testsuites>