<?xml version="1.0" encoding="utf-8"?><testsuites name="pytest tests"><testsuite name="pytest" errors="0" failures="0" skipped="0" tests="28" time="27.992" timestamp="2026-06-20T09:44:15.476522+00:00" hostname="agent-env-ac1cfdb8-4a49-48fe-b037-c5345e311d1a"><testcase classname="backend.tests.test_multi_tenant.TestBranding" name="test_branding" time="0.275" /><testcase classname="backend.tests.test_multi_tenant.TestAuth" name="test_admin_login" time="0.423" /><testcase classname="backend.tests.test_multi_tenant.TestAuth" name="test_login_wrong_password" time="0.318" /><testcase classname="backend.tests.test_multi_tenant.TestAuth" name="test_root_public" time="0.088" /><testcase classname="backend.tests.test_multi_tenant.TestAuthGating" name="test_requires_auth[GET-/websites]" time="0.095" /><testcase classname="backend.tests.test_multi_tenant.TestAuthGating" name="test_requires_auth[POST-/websites]" time="0.103" /><testcase classname="backend.tests.test_multi_tenant.TestAuthGating" name="test_requires_auth[GET-/ads]" time="0.090" /><testcase classname="backend.tests.test_multi_tenant.TestAuthGating" name="test_requires_auth[POST-/ads/generate]" time="0.100" /><testcase classname="backend.tests.test_multi_tenant.TestAuthGating" name="test_requires_auth[GET-/leads]" time="0.103" /><testcase classname="backend.tests.test_multi_tenant.TestAuthGating" name="test_requires_auth[GET-/wallet]" time="0.093" /><testcase classname="backend.tests.test_multi_tenant.TestAuthGating" name="test_requires_auth[GET-/stats]" time="0.106" /><testcase classname="backend.tests.test_multi_tenant.TestAuthGating" name="test_requires_auth[GET-/scheduler/status]" time="0.091" /><testcase classname="backend.tests.test_multi_tenant.TestAuthGating" name="test_requires_auth[GET-/admin/users]" time="0.096" /><testcase classname="backend.tests.test_multi_tenant.TestAuthGating" name="test_requires_auth[POST-/admin/users]" time="0.092" /><testcase classname="backend.tests.test_multi_tenant.TestAuthGating" name="test_requires_auth[POST-/admin/wallet/topup]" time="0.133" /><testcase classname="backend.tests.test_multi_tenant.TestAdminGate" name="test_non_admin_cannot_list_users" time="0.730" /><testcase classname="backend.tests.test_multi_tenant.TestAdminGate" name="test_non_admin_cannot_topup" time="0.733" /><testcase classname="backend.tests.test_multi_tenant.TestAdminUserCRUD" name="test_list_users" time="0.095" /><testcase classname="backend.tests.test_multi_tenant.TestAdminUserCRUD" name="test_create_user_zero_balance" time="0.316" /><testcase classname="backend.tests.test_multi_tenant.TestAdminUserCRUD" name="test_admin_cannot_delete_self" time="0.199" /><testcase classname="backend.tests.test_multi_tenant.TestWalletTopup" name="test_topup_and_balance" time="0.197" /><testcase classname="backend.tests.test_multi_tenant.TestCreditDeduction" name="test_image_ad_deducts_5" time="20.501" /><testcase classname="backend.tests.test_multi_tenant.TestCreditDeduction" name="test_insufficient_balance_402" time="0.856" /><testcase classname="backend.tests.test_multi_tenant.TestTenantIsolation" name="test_isolation" time="0.547" /><testcase classname="backend.tests.test_multi_tenant.TestPerWebsiteMeta" name="test_website_meta_fields" time="0.114" /><testcase classname="backend.tests.test_multi_tenant.TestPublicEndpoints" name="test_public_website_and_lead" time="0.387" /><testcase classname="backend.tests.test_multi_tenant.TestSchedulerAndStats" name="test_stats_auth" time="0.101" /><testcase classname="backend.tests.test_multi_tenant.TestSchedulerAndStats" name="test_scheduler_status" time="0.910" /></testsuite></testsuites>