<?xml version="1.0" encoding="utf-8"?><testsuites name="pytest tests"><testsuite name="pytest" errors="0" failures="0" skipped="0" tests="23" time="22.102" timestamp="2026-06-19T20:59:21.994466+00:00" hostname="agent-env-ac1cfdb8-4a49-48fe-b037-c5345e311d1a"><testcase classname="backend.tests.backend_test.TestHealth" name="test_root" time="0.274" /><testcase classname="backend.tests.backend_test.TestStats" name="test_stats_shape" time="0.051" /><testcase classname="backend.tests.backend_test.TestWebsites" name="test_create" time="0.049" /><testcase classname="backend.tests.backend_test.TestWebsites" name="test_list_contains" time="0.045" /><testcase classname="backend.tests.backend_test.TestWebsites" name="test_update" time="0.047" /><testcase classname="backend.tests.backend_test.TestWebsites" name="test_update_not_found" time="0.044" /><testcase classname="backend.tests.backend_test.TestWebsites" name="test_delete" time="0.092" /><testcase classname="backend.tests.backend_test.TestWebsites" name="test_delete_not_found" time="0.047" /><testcase classname="backend.tests.backend_test.TestScrape" name="test_scrape_example" time="0.147" /><testcase classname="backend.tests.backend_test.TestScrape" name="test_scrape_bad_url" time="0.069" /><testcase classname="backend.tests.backend_test.TestMetaSettings" name="test_get_initial" time="0.046" /><testcase classname="backend.tests.backend_test.TestMetaSettings" name="test_put_and_persist" time="0.099" /><testcase classname="backend.tests.backend_test.TestAdGeneration" name="test_create_website_for_ad" time="0.044" /><testcase classname="backend.tests.backend_test.TestAdGeneration" name="test_generate_image_only" time="20.336" /><testcase classname="backend.tests.backend_test.TestAdGeneration" name="test_image_served_via_api_media" time="0.108" /><testcase classname="backend.tests.backend_test.TestAdsCRUD" name="test_get_by_id" time="0.046" /><testcase classname="backend.tests.backend_test.TestAdsCRUD" name="test_list_all" time="0.047" /><testcase classname="backend.tests.backend_test.TestAdsCRUD" name="test_filter_by_website" time="0.047" /><testcase classname="backend.tests.backend_test.TestAdsCRUD" name="test_update_status_approved" time="0.044" /><testcase classname="backend.tests.backend_test.TestAdsCRUD" name="test_filter_by_status_approved" time="0.051" /><testcase classname="backend.tests.backend_test.TestAdsCRUD" name="test_download_image_marks_downloaded" time="0.100" /><testcase classname="backend.tests.backend_test.TestAdsCRUD" name="test_delete_ad_and_files" time="0.135" /><testcase classname="backend.tests.backend_test.TestAdsCRUD" name="test_cleanup_website" time="0.046" /></testsuite></testsuites>