<?xml version="1.0" encoding="utf-8"?><testsuites name="pytest tests"><testsuite name="pytest" errors="0" failures="0" skipped="0" tests="15" time="115.001" timestamp="2026-06-20T10:22:37.330168+00:00" hostname="agent-env-ac1cfdb8-4a49-48fe-b037-c5345e311d1a"><testcase classname="backend.tests.test_iter5_admin_unlimited_and_watermark.TestWatermarkServiceModule" name="test_module_path_exists" time="0.000" /><testcase classname="backend.tests.test_iter5_admin_unlimited_and_watermark.TestWatermarkServiceModule" name="test_module_importable_and_has_public_api" time="0.042" /><testcase classname="backend.tests.test_iter5_admin_unlimited_and_watermark.TestWatermarkServiceModule" name="test_fetch_website_logo_bytes_google" time="0.136" /><testcase classname="backend.tests.test_iter5_admin_unlimited_and_watermark.TestWatermarkServiceModule" name="test_apply_logo_watermark_modifies_file" time="0.176" /><testcase classname="backend.tests.test_iter5_admin_unlimited_and_watermark.TestAdminUnlimitedWallet" name="test_admin_wallet_endpoint_returns_unlimited_true" time="0.595" /><testcase classname="backend.tests.test_iter5_admin_unlimited_and_watermark.TestAdminUnlimitedWallet" name="test_admin_balance_unchanged_after_ad_generation" time="18.641" /><testcase classname="backend.tests.test_iter5_admin_unlimited_and_watermark.TestAdminUnlimitedWallet" name="test_admin_balance_unchanged_after_variant" time="38.140" /><testcase classname="backend.tests.test_iter5_admin_unlimited_and_watermark.TestNonAdminCharged" name="test_non_admin_wallet_returns_unlimited_false" time="0.514" /><testcase classname="backend.tests.test_iter5_admin_unlimited_and_watermark.TestNonAdminCharged" name="test_topup_then_ad_gen_decreases_balance" time="19.030" /><testcase classname="backend.tests.test_iter5_admin_unlimited_and_watermark.TestAdGenStillWatermarked" name="test_generated_ad_image_has_bright_badge_bottom_right" time="17.974" /><testcase classname="backend.tests.test_iter5_admin_unlimited_and_watermark.TestAuthGatesStillEnforced" name="test_download_image_no_auth_returns_401_or_403" time="18.768" /><testcase classname="backend.tests.test_iter5_admin_unlimited_and_watermark.TestAuthGatesStillEnforced" name="test_download_image_cross_tenant_returns_404" time="0.098" /><testcase classname="backend.tests.test_iter5_admin_unlimited_and_watermark.TestAuthGatesStillEnforced" name="test_download_image_owner_returns_file" time="0.161" /><testcase classname="backend.tests.test_iter5_admin_unlimited_and_watermark.TestAuthGatesStillEnforced" name="test_publish_no_auth_returns_401_or_403" time="0.101" /><testcase classname="backend.tests.test_iter5_admin_unlimited_and_watermark.TestAuthGatesStillEnforced" name="test_publish_owner_without_fb_token_returns_400" time="0.541" /></testsuite></testsuites>