<?xml version="1.0" encoding="utf-8"?><testsuites name="pytest tests"><testsuite name="pytest" errors="0" failures="0" skipped="0" tests="14" time="41.909" timestamp="2026-06-20T09:59:01.473336+00:00" hostname="agent-env-ac1cfdb8-4a49-48fe-b037-c5345e311d1a"><testcase classname="tests.test_watermark_and_auth" name="test_login_admin_returns_jwt" time="0.352" /><testcase classname="tests.test_watermark_and_auth" name="test_auth_me_returns_admin_profile" time="0.091" /><testcase classname="tests.test_watermark_and_auth" name="test_generate_ad_returns_owner_id_and_image" time="20.532" /><testcase classname="tests.test_watermark_and_auth" name="test_image_file_exists_and_watermark_applied" time="0.036" /><testcase classname="tests.test_watermark_and_auth" name="test_download_image_without_auth_returns_401" time="0.095" /><testcase classname="tests.test_watermark_and_auth" name="test_download_image_cross_tenant_returns_404" time="0.561" /><testcase classname="tests.test_watermark_and_auth" name="test_download_image_with_owner_returns_file" time="0.175" /><testcase classname="tests.test_watermark_and_auth" name="test_download_video_without_auth_returns_401" time="0.104" /><testcase classname="tests.test_watermark_and_auth" name="test_download_video_cross_tenant_returns_404" time="0.096" /><testcase classname="tests.test_watermark_and_auth" name="test_publish_without_auth_returns_401" time="0.091" /><testcase classname="tests.test_watermark_and_auth" name="test_publish_cross_tenant_returns_404" time="0.092" /><testcase classname="tests.test_watermark_and_auth" name="test_publish_with_owner_no_fb_token_returns_400" time="0.099" /><testcase classname="tests.test_watermark_and_auth" name="test_create_variant_owner_only_and_watermark" time="18.770" /><testcase classname="tests.test_watermark_and_auth" name="test_public_apply_endpoint_no_auth_required" time="0.747" /></testsuite></testsuites>